[INFO ] [main] Importing project.
[WARN ] [main] {"projectId":11,"name":"java","key":"JAVA","favorite":false,"language":"JAVA","owners":[{"active":true,"email":"admin@static.io","id":1,"username":"admin"}],"projectStatus":"FINISHED","analysisProgress":100.0,"ruleSet":[5],"description":"","createdDate":1730440594426,"revisionDate":1731285942713,"ruleLanguage":"en_US"}
[INFO ] [main] Importing ruleSet.
[INFO ] [main] Importing analysis exclusion.
[INFO ] [main] Run Analysing.
[INFO ] [main] Server-side caching is not enabled. The Java analyzer will not try to leverage data from a previous analysis.
[INFO ] [main] Using ECJ batch to parse 1 Main java source files with batch size 53 KB.
[INFO ] [main] Starting batch processing.
[INFO ] [main] The Java analyzer cannot skip unchanged files in this context. A full analysis is performed for all files.
[INFO ] [main] 100% analyzed
[INFO ] [main] Batch processing: Done.
[INFO ] [main] Did not optimize analysis for any files, performed a full analysis for all 1 files.
[INFO ] [main] No "Test" source files to scan.
[INFO ] [main] Server-side caching is not enabled. The Java analyzer will not try to leverage data from a previous analysis.
[INFO ] [main] Using ECJ batch to parse 1 Main java source files with batch size 53 KB.
[INFO ] [main] Starting batch processing.
[INFO ] [main] The Java analyzer cannot skip unchanged files in this context. A full analysis is performed for all files.
[INFO ] [main] 100% analyzed
[INFO ] [main] Batch processing: Done.
[INFO ] [main] Did not optimize analysis for any files, performed a full analysis for all 1 files.
[INFO ] [main] No "Test" source files to scan.
[INFO ] [main] Server-side caching is not enabled. The Java analyzer will not try to leverage data from a previous analysis.
[INFO ] [main] Using ECJ batch to parse 1170 Main java source files with batch size 53 KB.
[INFO ] [main] Starting batch processing.
[INFO ] [main] The Java analyzer cannot skip unchanged files in this context. A full analysis is performed for all files.
[ERROR] [main] Unable to parse source file : 'core/src/main/java/hudson/util/FormValidation.java'
[ERROR] [main] Parse error at line 527 column 17: Variable resource not allowed here for source level below 9
[ERROR] [main] Unable to parse source file : 'core/src/main/java/hudson/util/IOUtils.java'
[ERROR] [main] Parse error at line 38 column 13: Variable resource not allowed here for source level below 9
[ERROR] [main] Unable to parse source file : 'core/src/main/java/hudson/Util.java'
[ERROR] [main] Parse error at line 642 column 13: Variable resource not allowed here for source level below 9
[ERROR] [main] Unable to parse source file : 'core/src/main/java/hudson/FilePath.java'
[ERROR] [main] Parse error at line 915 column 13: Variable resource not allowed here for source level below 9
[ERROR] [main] Unable to parse source file : 'core/src/main/java/hudson/TcpSlaveAgentListener.java'
[ERROR] [main] Parse error at line 308 column 17: Variable resource not allowed here for source level below 9
[INFO ] [main] 100% analyzed
[INFO ] [main] Batch processing: Done.
[INFO ] [main] Did not optimize analysis for any files, performed a full analysis for all 1170 files.
[WARN ] [main] Unresolved imports/types have been detected during analysis. Enable DEBUG mode to see them.
[WARN ] [main] Use of preview features have been detected during analysis. Enable DEBUG mode to see them.
[INFO ] [main] No "Test" source files to scan.
[INFO ] [main] Server-side caching is not enabled. The Java analyzer will not try to leverage data from a previous analysis.
[INFO ] [main] Using ECJ batch to parse 1 Main java source files with batch size 53 KB.
[INFO ] [main] Starting batch processing.
[INFO ] [main] The Java analyzer cannot skip unchanged files in this context. A full analysis is performed for all files.
[INFO ] [main] 100% analyzed
[INFO ] [main] Batch processing: Done.
[INFO ] [main] Did not optimize analysis for any files, performed a full analysis for all 1 files.
[INFO ] [main] No "Test" source files to scan.
[INFO ] [main] Server-side caching is not enabled. The Java analyzer will not try to leverage data from a previous analysis.
[INFO ] [main] No "Main" source files to scan.
[INFO ] [main] No "Test" source files to scan.
[INFO ] [main] Server-side caching is not enabled. The Java analyzer will not try to leverage data from a previous analysis.
[INFO ] [main] Using ECJ batch to parse 11 Main java source files with batch size 53 KB.
[INFO ] [main] Starting batch processing.
[INFO ] [main] The Java analyzer cannot skip unchanged files in this context. A full analysis is performed for all files.
[INFO ] [main] 100% analyzed
[INFO ] [main] Batch processing: Done.
[INFO ] [main] Did not optimize analysis for any files, performed a full analysis for all 11 files.
[WARN ] [main] Unresolved imports/types have been detected during analysis. Enable DEBUG mode to see them.
[INFO ] [main] No "Test" source files to scan.
[INFO ] [main] Collecting File committer
[ERROR] [ForkJoinPool.commonPool-worker-9] Exception caught while accessing pack file C:\Users\sure\Documents\data\jenkins\.git\objects\pack\pack-cd357253824c1129ad241f161cbbd180c31f28f3.pack, the pack file might be corrupt. Caught 1 consecutive errors while trying to read this pack.
java.io.IOException: In-memory buffer limit exceeded
	at org.eclipse.jgit.internal.storage.file.PackFile.load(PackFile.java:883)
	at org.eclipse.jgit.internal.storage.file.PackFile.get(PackFile.java:284)
	at org.eclipse.jgit.internal.storage.file.ObjectDirectory.openPackedObject(ObjectDirectory.java:455)
	at org.eclipse.jgit.internal.storage.file.ObjectDirectory.openPackedFromSelfOrAlternate(ObjectDirectory.java:413)
	at org.eclipse.jgit.internal.storage.file.ObjectDirectory.openObject(ObjectDirectory.java:404)
	at org.eclipse.jgit.internal.storage.file.WindowCursor.open(WindowCursor.java:132)
	at org.eclipse.jgit.treewalk.CanonicalTreeParser.reset(CanonicalTreeParser.java:191)
	at org.eclipse.jgit.treewalk.CanonicalTreeParser.createSubtreeIterator0(CanonicalTreeParser.java:226)
	at org.eclipse.jgit.treewalk.CanonicalTreeParser.createSubtreeIterator(CanonicalTreeParser.java:204)
	at org.eclipse.jgit.treewalk.CanonicalTreeParser.createSubtreeIterator(CanonicalTreeParser.java:1)
	at org.eclipse.jgit.treewalk.TreeWalk.enterSubtree(TreeWalk.java:1270)
	at org.eclipse.jgit.treewalk.TreeWalk.next(TreeWalk.java:826)
	at org.eclipse.jgit.revwalk.TreeRevFilter.include(TreeRevFilter.java:124)
	at org.eclipse.jgit.revwalk.filter.AndRevFilter$Binary.include(AndRevFilter.java:104)
	at org.eclipse.jgit.revwalk.PendingGenerator.next(PendingGenerator.java:108)
	at org.eclipse.jgit.revwalk.BlockRevQueue.<init>(BlockRevQueue.java:40)
	at org.eclipse.jgit.revwalk.FIFORevQueue.<init>(FIFORevQueue.java:37)
	at org.eclipse.jgit.revwalk.StartGenerator.next(StartGenerator.java:133)
	at org.eclipse.jgit.revwalk.RevWalk.next(RevWalk.java:434)
	at org.eclipse.jgit.revwalk.RevWalk.nextForIterator(RevWalk.java:1369)
	at org.eclipse.jgit.revwalk.RevWalk.iterator(RevWalk.java:1393)
	at com.cloudscroll.mstatic.client.scm.GitRepository.getLastCommitter(GitRepository.java:37)
	at com.cloudscroll.mstatic.client.scm.CommitterFactory.lambda$getCommitter$0(CommitterFactory.java:23)
	at java.base/java.util.stream.ForEachOps$ForEachOp$OfRef.accept(ForEachOps.java:183)
	at java.base/java.util.Spliterators$ArraySpliterator.forEachRemaining(Spliterators.java:992)
	at java.base/java.util.stream.AbstractPipeline.copyInto(AbstractPipeline.java:509)
	at java.base/java.util.stream.ForEachOps$ForEachTask.compute(ForEachOps.java:290)
	at java.base/java.util.concurrent.CountedCompleter.exec(CountedCompleter.java:754)
	at java.base/java.util.concurrent.ForkJoinTask.doExec(ForkJoinTask.java:373)
	at java.base/java.util.concurrent.ForkJoinPool$WorkQueue.topLevelExec(ForkJoinPool.java:1193)
	at java.base/java.util.concurrent.ForkJoinPool.scan(ForkJoinPool.java:1666)
	at java.base/java.util.concurrent.ForkJoinPool.runWorker(ForkJoinPool.java:1633)
	at java.base/java.util.concurrent.ForkJoinWorkerThread.run(ForkJoinWorkerThread.java:165)
