[INFO ] [main] Importing project.
[WARN ] [main] {"projectId":11,"name":"java","key":"JAVA","favorite":false,"language":"JAVA","owners":[{"active":true,"email":"admin@static.io","id":1,"username":"admin"}],"projectStatus":"FINISHED","analysisProgress":100.0,"ruleSet":[5],"description":"","createdDate":1730440594426,"revisionDate":1730703257862,"ruleLanguage":"en_US"}
[INFO ] [main] Importing ruleSet.
[INFO ] [main] Importing analysis exclusion.
[INFO ] [main] Run Analysing.
[INFO ] [main] Server-side caching is not enabled. The Java analyzer will not try to leverage data from a previous analysis.
[INFO ] [main] Using ECJ batch to parse 1 Main java source files with batch size 53 KB.
[INFO ] [main] Starting batch processing.
[INFO ] [main] The Java analyzer cannot skip unchanged files in this context. A full analysis is performed for all files.
[INFO ] [main] 100% analyzed
[INFO ] [main] Batch processing: Done.
[INFO ] [main] Did not optimize analysis for any files, performed a full analysis for all 1 files.
[INFO ] [main] No "Test" source files to scan.
[INFO ] [main] Server-side caching is not enabled. The Java analyzer will not try to leverage data from a previous analysis.
[INFO ] [main] Using ECJ batch to parse 1 Main java source files with batch size 53 KB.
[INFO ] [main] Starting batch processing.
[INFO ] [main] The Java analyzer cannot skip unchanged files in this context. A full analysis is performed for all files.
[INFO ] [main] 100% analyzed
[INFO ] [main] Batch processing: Done.
[INFO ] [main] Did not optimize analysis for any files, performed a full analysis for all 1 files.
[INFO ] [main] No "Test" source files to scan.
[INFO ] [main] Server-side caching is not enabled. The Java analyzer will not try to leverage data from a previous analysis.
[INFO ] [main] Using ECJ batch to parse 1170 Main java source files with batch size 53 KB.
[INFO ] [main] Starting batch processing.
[INFO ] [main] The Java analyzer cannot skip unchanged files in this context. A full analysis is performed for all files.
[ERROR] [main] Unable to parse source file : 'core/src/main/java/hudson/util/FormValidation.java'
[ERROR] [main] Parse error at line 527 column 17: Variable resource not allowed here for source level below 9
[ERROR] [main] Unable to run check class com.cloudscroll.mstatic.client.plugin.java.analysis.metric.ModuleMetricCollector -  on file 'core/src/main/java/org/acegisecurity/GrantedAuthority.java', To help improve the SonarSource Java Analyzer, please report this problem to SonarSource: see https://community.sonarsource.com/
java.lang.ClassCastException: class org.sonar.java.model.Symbols$UnknownSymbol cannot be cast to class org.sonar.plugins.java.api.semantic.Symbol$MethodSymbol (org.sonar.java.model.Symbols$UnknownSymbol and org.sonar.plugins.java.api.semantic.Symbol$MethodSymbol are in unnamed module of loader org.springframework.boot.loader.LaunchedURLClassLoader @6d5380c2)
	at com.cloudscroll.mstatic.client.plugin.java.analysis.metric.MethodInvokeVisitor.visitNode(MethodInvokeVisitor.java:29)
	at org.sonar.java.ast.visitors.SubscriptionVisitor.visit(SubscriptionVisitor.java:99)
	at org.sonar.java.ast.visitors.SubscriptionVisitor.visitChildren(SubscriptionVisitor.java:124)
	at org.sonar.java.ast.visitors.SubscriptionVisitor.visit(SubscriptionVisitor.java:101)
	at org.sonar.java.ast.visitors.SubscriptionVisitor.visitChildren(SubscriptionVisitor.java:124)
	at org.sonar.java.ast.visitors.SubscriptionVisitor.visit(SubscriptionVisitor.java:101)
	at org.sonar.java.ast.visitors.SubscriptionVisitor.visitChildren(SubscriptionVisitor.java:124)
	at org.sonar.java.ast.visitors.SubscriptionVisitor.visit(SubscriptionVisitor.java:101)
	at org.sonar.java.ast.visitors.SubscriptionVisitor.visitChildren(SubscriptionVisitor.java:124)
	at org.sonar.java.ast.visitors.SubscriptionVisitor.visit(SubscriptionVisitor.java:101)
	at org.sonar.java.ast.visitors.SubscriptionVisitor.visitChildren(SubscriptionVisitor.java:124)
	at org.sonar.java.ast.visitors.SubscriptionVisitor.visit(SubscriptionVisitor.java:101)
	at org.sonar.java.ast.visitors.SubscriptionVisitor.scanTree(SubscriptionVisitor.java:82)
	at com.cloudscroll.mstatic.client.plugin.java.analysis.metric.MethodInvokeVisitor.getCalling(MethodInvokeVisitor.java:35)
	at com.cloudscroll.mstatic.client.plugin.java.analysis.metric.FunctionVisitor.visitNode(FunctionVisitor.java:49)
	at com.cloudscroll.mstatic.client.plugin.java.analysis.metric.FileVisitor.visitNode(FileVisitor.java:116)
	at org.sonar.java.ast.visitors.SubscriptionVisitor.visit(SubscriptionVisitor.java:99)
	at org.sonar.java.ast.visitors.SubscriptionVisitor.visitChildren(SubscriptionVisitor.java:124)
	at org.sonar.java.ast.visitors.SubscriptionVisitor.visit(SubscriptionVisitor.java:101)
	at org.sonar.java.ast.visitors.SubscriptionVisitor.visitChildren(SubscriptionVisitor.java:124)
	at org.sonar.java.ast.visitors.SubscriptionVisitor.visit(SubscriptionVisitor.java:101)
	at org.sonar.java.ast.visitors.SubscriptionVisitor.scanTree(SubscriptionVisitor.java:82)
	at com.cloudscroll.mstatic.client.plugin.java.analysis.metric.FileVisitor.scanFile(FileVisitor.java:69)
	at com.cloudscroll.mstatic.client.plugin.java.analysis.metric.ModuleMetricCollector.scanFile(ModuleMetricCollector.java:41)
	at org.sonar.java.model.VisitorsBridge.lambda$runScanner$1(VisitorsBridge.java:269)
	at org.sonar.java.model.VisitorsBridge.runScanner(VisitorsBridge.java:274)
	at org.sonar.java.model.VisitorsBridge.runScanner(VisitorsBridge.java:269)
	at org.sonar.java.model.VisitorsBridge.visitFile(VisitorsBridge.java:252)
	at org.sonar.java.ast.JavaAstScanner.simpleScan(JavaAstScanner.java:158)
	at org.sonar.java.JavaFrontend.scanAsBatchCallback(JavaFrontend.java:135)
	at org.sonar.java.JavaFrontend.lambda$scanBatch$1(JavaFrontend.java:267)
	at org.sonar.java.model.JParserConfig$Batch$1.acceptAST(JParserConfig.java:191)
	at org.eclipse.jdt.core.dom.CompilationUnitResolver.resolve(CompilationUnitResolver.java:1143)
	at org.eclipse.jdt.core.dom.CompilationUnitResolver.resolve(CompilationUnitResolver.java:739)
	at org.eclipse.jdt.core.dom.ASTParser.createASTs(ASTParser.java:1049)
	at org.sonar.java.model.JParserConfig$Batch.parse(JParserConfig.java:175)
	at org.sonar.java.JavaFrontend.scanBatch(JavaFrontend.java:266)
	at org.sonar.java.JavaFrontend.scanInBatches(JavaFrontend.java:255)
	at org.sonar.java.JavaFrontend.scanAsBatch(JavaFrontend.java:222)
	at org.sonar.java.JavaFrontend.scan(JavaFrontend.java:197)
	at com.cloudscroll.mstatic.client.plugin.java.analysis.sonar.StaticJavaSensor.analyze(StaticJavaSensor.java:87)
	at com.cloudscroll.mstatic.client.plugin.java.context.AnalysisContext.createModuleAnalysisResult(AnalysisContext.java:60)
	at com.cloudscroll.mstatic.client.plugin.java.context.AnalysisContext.lambda$executeSonarJavaSensor$0(AnalysisContext.java:47)
	at java.base/java.util.ArrayList.forEach(ArrayList.java:1511)
	at com.cloudscroll.mstatic.client.plugin.java.context.AnalysisContext.executeSonarJavaSensor(AnalysisContext.java:46)
	at com.cloudscroll.mstatic.client.plugin.java.JavaPlugin.execute(JavaPlugin.java:40)
	at com.cloudscroll.mstatic.client.AnalysisLauncher.run(AnalysisLauncher.java:65)
	at com.cloudscroll.mstatic.client.ClientMain.main(ClientMain.java:31)
	at java.base/jdk.internal.reflect.NativeMethodAccessorImpl.invoke0(Native Method)
	at java.base/jdk.internal.reflect.NativeMethodAccessorImpl.invoke(NativeMethodAccessorImpl.java:77)
	at java.base/jdk.internal.reflect.DelegatingMethodAccessorImpl.invoke(DelegatingMethodAccessorImpl.java:43)
	at java.base/java.lang.reflect.Method.invoke(Method.java:569)
	at org.springframework.boot.loader.MainMethodRunner.run(MainMethodRunner.java:48)
	at org.springframework.boot.loader.Launcher.launch(Launcher.java:87)
	at org.springframework.boot.loader.Launcher.launch(Launcher.java:51)
	at org.springframework.boot.loader.JarLauncher.main(JarLauncher.java:52)
[ERROR] [main] Unable to run check class com.cloudscroll.mstatic.client.plugin.java.analysis.metric.ModuleMetricCollector -  on file 'core/src/main/java/hudson/model/ComputerSet.java', To help improve the SonarSource Java Analyzer, please report this problem to SonarSource: see https://community.sonarsource.com/
java.lang.ClassCastException: class org.sonar.java.model.Symbols$UnknownSymbol cannot be cast to class org.sonar.plugins.java.api.semantic.Symbol$MethodSymbol (org.sonar.java.model.Symbols$UnknownSymbol and org.sonar.plugins.java.api.semantic.Symbol$MethodSymbol are in unnamed module of loader org.springframework.boot.loader.LaunchedURLClassLoader @6d5380c2)
	at com.cloudscroll.mstatic.client.plugin.java.analysis.metric.MethodInvokeVisitor.visitNode(MethodInvokeVisitor.java:29)
	at org.sonar.java.ast.visitors.SubscriptionVisitor.visit(SubscriptionVisitor.java:99)
	at org.sonar.java.ast.visitors.SubscriptionVisitor.visitChildren(SubscriptionVisitor.java:124)
	at org.sonar.java.ast.visitors.SubscriptionVisitor.visit(SubscriptionVisitor.java:101)
	at org.sonar.java.ast.visitors.SubscriptionVisitor.visitChildren(SubscriptionVisitor.java:124)
	at org.sonar.java.ast.visitors.SubscriptionVisitor.visit(SubscriptionVisitor.java:101)
	at org.sonar.java.ast.visitors.SubscriptionVisitor.visitChildren(SubscriptionVisitor.java:124)
	at org.sonar.java.ast.visitors.SubscriptionVisitor.visit(SubscriptionVisitor.java:101)
	at org.sonar.java.ast.visitors.SubscriptionVisitor.visitChildren(SubscriptionVisitor.java:124)
	at org.sonar.java.ast.visitors.SubscriptionVisitor.visit(SubscriptionVisitor.java:101)
	at org.sonar.java.ast.visitors.SubscriptionVisitor.visitChildren(SubscriptionVisitor.java:124)
	at org.sonar.java.ast.visitors.SubscriptionVisitor.visit(SubscriptionVisitor.java:101)
	at org.sonar.java.ast.visitors.SubscriptionVisitor.scanTree(SubscriptionVisitor.java:82)
	at com.cloudscroll.mstatic.client.plugin.java.analysis.metric.MethodInvokeVisitor.getCalling(MethodInvokeVisitor.java:35)
	at com.cloudscroll.mstatic.client.plugin.java.analysis.metric.FunctionVisitor.visitNode(FunctionVisitor.java:49)
	at com.cloudscroll.mstatic.client.plugin.java.analysis.metric.FileVisitor.visitNode(FileVisitor.java:116)
	at org.sonar.java.ast.visitors.SubscriptionVisitor.visit(SubscriptionVisitor.java:99)
	at org.sonar.java.ast.visitors.SubscriptionVisitor.visitChildren(SubscriptionVisitor.java:124)
	at org.sonar.java.ast.visitors.SubscriptionVisitor.visit(SubscriptionVisitor.java:101)
	at org.sonar.java.ast.visitors.SubscriptionVisitor.visitChildren(SubscriptionVisitor.java:124)
	at org.sonar.java.ast.visitors.SubscriptionVisitor.visit(SubscriptionVisitor.java:101)
	at org.sonar.java.ast.visitors.SubscriptionVisitor.scanTree(SubscriptionVisitor.java:82)
	at com.cloudscroll.mstatic.client.plugin.java.analysis.metric.FileVisitor.scanFile(FileVisitor.java:69)
	at com.cloudscroll.mstatic.client.plugin.java.analysis.metric.ModuleMetricCollector.scanFile(ModuleMetricCollector.java:41)
	at org.sonar.java.model.VisitorsBridge.lambda$runScanner$1(VisitorsBridge.java:269)
	at org.sonar.java.model.VisitorsBridge.runScanner(VisitorsBridge.java:274)
	at org.sonar.java.model.VisitorsBridge.runScanner(VisitorsBridge.java:269)
	at org.sonar.java.model.VisitorsBridge.visitFile(VisitorsBridge.java:252)
	at org.sonar.java.ast.JavaAstScanner.simpleScan(JavaAstScanner.java:158)
	at org.sonar.java.JavaFrontend.scanAsBatchCallback(JavaFrontend.java:135)
	at org.sonar.java.JavaFrontend.lambda$scanBatch$1(JavaFrontend.java:267)
	at org.sonar.java.model.JParserConfig$Batch$1.acceptAST(JParserConfig.java:191)
	at org.eclipse.jdt.core.dom.CompilationUnitResolver.resolve(CompilationUnitResolver.java:1143)
	at org.eclipse.jdt.core.dom.CompilationUnitResolver.resolve(CompilationUnitResolver.java:739)
	at org.eclipse.jdt.core.dom.ASTParser.createASTs(ASTParser.java:1049)
	at org.sonar.java.model.JParserConfig$Batch.parse(JParserConfig.java:175)
	at org.sonar.java.JavaFrontend.scanBatch(JavaFrontend.java:266)
	at org.sonar.java.JavaFrontend.scanInBatches(JavaFrontend.java:255)
	at org.sonar.java.JavaFrontend.scanAsBatch(JavaFrontend.java:222)
	at org.sonar.java.JavaFrontend.scan(JavaFrontend.java:197)
	at com.cloudscroll.mstatic.client.plugin.java.analysis.sonar.StaticJavaSensor.analyze(StaticJavaSensor.java:87)
	at com.cloudscroll.mstatic.client.plugin.java.context.AnalysisContext.createModuleAnalysisResult(AnalysisContext.java:60)
	at com.cloudscroll.mstatic.client.plugin.java.context.AnalysisContext.lambda$executeSonarJavaSensor$0(AnalysisContext.java:47)
	at java.base/java.util.ArrayList.forEach(ArrayList.java:1511)
	at com.cloudscroll.mstatic.client.plugin.java.context.AnalysisContext.executeSonarJavaSensor(AnalysisContext.java:46)
	at com.cloudscroll.mstatic.client.plugin.java.JavaPlugin.execute(JavaPlugin.java:40)
	at com.cloudscroll.mstatic.client.AnalysisLauncher.run(AnalysisLauncher.java:65)
	at com.cloudscroll.mstatic.client.ClientMain.main(ClientMain.java:31)
	at java.base/jdk.internal.reflect.NativeMethodAccessorImpl.invoke0(Native Method)
	at java.base/jdk.internal.reflect.NativeMethodAccessorImpl.invoke(NativeMethodAccessorImpl.java:77)
	at java.base/jdk.internal.reflect.DelegatingMethodAccessorImpl.invoke(DelegatingMethodAccessorImpl.java:43)
	at java.base/java.lang.reflect.Method.invoke(Method.java:569)
	at org.springframework.boot.loader.MainMethodRunner.run(MainMethodRunner.java:48)
	at org.springframework.boot.loader.Launcher.launch(Launcher.java:87)
	at org.springframework.boot.loader.Launcher.launch(Launcher.java:51)
	at org.springframework.boot.loader.JarLauncher.main(JarLauncher.java:52)
[ERROR] [main] Unable to parse source file : 'core/src/main/java/hudson/util/IOUtils.java'
[ERROR] [main] Parse error at line 38 column 13: Variable resource not allowed here for source level below 9
[ERROR] [main] Unable to parse source file : 'core/src/main/java/hudson/Util.java'
[ERROR] [main] Parse error at line 642 column 13: Variable resource not allowed here for source level below 9
[ERROR] [main] Unable to run check class com.cloudscroll.mstatic.client.plugin.java.analysis.metric.ModuleMetricCollector -  on file 'core/src/main/java/hudson/model/UpdateSite.java', To help improve the SonarSource Java Analyzer, please report this problem to SonarSource: see https://community.sonarsource.com/
java.lang.ClassCastException: class org.sonar.java.model.Symbols$UnknownSymbol cannot be cast to class org.sonar.plugins.java.api.semantic.Symbol$MethodSymbol (org.sonar.java.model.Symbols$UnknownSymbol and org.sonar.plugins.java.api.semantic.Symbol$MethodSymbol are in unnamed module of loader org.springframework.boot.loader.LaunchedURLClassLoader @6d5380c2)
	at com.cloudscroll.mstatic.client.plugin.java.analysis.metric.MethodInvokeVisitor.visitNode(MethodInvokeVisitor.java:29)
	at org.sonar.java.ast.visitors.SubscriptionVisitor.visit(SubscriptionVisitor.java:99)
	at org.sonar.java.ast.visitors.SubscriptionVisitor.visitChildren(SubscriptionVisitor.java:124)
	at org.sonar.java.ast.visitors.SubscriptionVisitor.visit(SubscriptionVisitor.java:101)
	at org.sonar.java.ast.visitors.SubscriptionVisitor.visitChildren(SubscriptionVisitor.java:124)
	at org.sonar.java.ast.visitors.SubscriptionVisitor.visit(SubscriptionVisitor.java:101)
	at org.sonar.java.ast.visitors.SubscriptionVisitor.visitChildren(SubscriptionVisitor.java:124)
	at org.sonar.java.ast.visitors.SubscriptionVisitor.visit(SubscriptionVisitor.java:101)
	at org.sonar.java.ast.visitors.SubscriptionVisitor.visitChildren(SubscriptionVisitor.java:124)
	at org.sonar.java.ast.visitors.SubscriptionVisitor.visit(SubscriptionVisitor.java:101)
	at org.sonar.java.ast.visitors.SubscriptionVisitor.visitChildren(SubscriptionVisitor.java:124)
	at org.sonar.java.ast.visitors.SubscriptionVisitor.visit(SubscriptionVisitor.java:101)
	at org.sonar.java.ast.visitors.SubscriptionVisitor.visitChildren(SubscriptionVisitor.java:124)
	at org.sonar.java.ast.visitors.SubscriptionVisitor.visit(SubscriptionVisitor.java:101)
	at org.sonar.java.ast.visitors.SubscriptionVisitor.visitChildren(SubscriptionVisitor.java:124)
	at org.sonar.java.ast.visitors.SubscriptionVisitor.visit(SubscriptionVisitor.java:101)
	at org.sonar.java.ast.visitors.SubscriptionVisitor.scanTree(SubscriptionVisitor.java:82)
	at com.cloudscroll.mstatic.client.plugin.java.analysis.metric.MethodInvokeVisitor.getCalling(MethodInvokeVisitor.java:35)
	at com.cloudscroll.mstatic.client.plugin.java.analysis.metric.FunctionVisitor.visitNode(FunctionVisitor.java:49)
	at com.cloudscroll.mstatic.client.plugin.java.analysis.metric.FileVisitor.visitNode(FileVisitor.java:116)
	at org.sonar.java.ast.visitors.SubscriptionVisitor.visit(SubscriptionVisitor.java:99)
	at org.sonar.java.ast.visitors.SubscriptionVisitor.visitChildren(SubscriptionVisitor.java:124)
	at org.sonar.java.ast.visitors.SubscriptionVisitor.visit(SubscriptionVisitor.java:101)
	at org.sonar.java.ast.visitors.SubscriptionVisitor.visitChildren(SubscriptionVisitor.java:124)
	at org.sonar.java.ast.visitors.SubscriptionVisitor.visit(SubscriptionVisitor.java:101)
	at org.sonar.java.ast.visitors.SubscriptionVisitor.visitChildren(SubscriptionVisitor.java:124)
	at org.sonar.java.ast.visitors.SubscriptionVisitor.visit(SubscriptionVisitor.java:101)
	at org.sonar.java.ast.visitors.SubscriptionVisitor.scanTree(SubscriptionVisitor.java:82)
	at com.cloudscroll.mstatic.client.plugin.java.analysis.metric.FileVisitor.scanFile(FileVisitor.java:69)
	at com.cloudscroll.mstatic.client.plugin.java.analysis.metric.ModuleMetricCollector.scanFile(ModuleMetricCollector.java:41)
	at org.sonar.java.model.VisitorsBridge.lambda$runScanner$1(VisitorsBridge.java:269)
	at org.sonar.java.model.VisitorsBridge.runScanner(VisitorsBridge.java:274)
	at org.sonar.java.model.VisitorsBridge.runScanner(VisitorsBridge.java:269)
	at org.sonar.java.model.VisitorsBridge.visitFile(VisitorsBridge.java:252)
	at org.sonar.java.ast.JavaAstScanner.simpleScan(JavaAstScanner.java:158)
	at org.sonar.java.JavaFrontend.scanAsBatchCallback(JavaFrontend.java:135)
	at org.sonar.java.JavaFrontend.lambda$scanBatch$1(JavaFrontend.java:267)
	at org.sonar.java.model.JParserConfig$Batch$1.acceptAST(JParserConfig.java:191)
	at org.eclipse.jdt.core.dom.CompilationUnitResolver.resolve(CompilationUnitResolver.java:1143)
	at org.eclipse.jdt.core.dom.CompilationUnitResolver.resolve(CompilationUnitResolver.java:739)
	at org.eclipse.jdt.core.dom.ASTParser.createASTs(ASTParser.java:1049)
	at org.sonar.java.model.JParserConfig$Batch.parse(JParserConfig.java:175)
	at org.sonar.java.JavaFrontend.scanBatch(JavaFrontend.java:266)
	at org.sonar.java.JavaFrontend.scanInBatches(JavaFrontend.java:255)
	at org.sonar.java.JavaFrontend.scanAsBatch(JavaFrontend.java:222)
	at org.sonar.java.JavaFrontend.scan(JavaFrontend.java:197)
	at com.cloudscroll.mstatic.client.plugin.java.analysis.sonar.StaticJavaSensor.analyze(StaticJavaSensor.java:87)
	at com.cloudscroll.mstatic.client.plugin.java.context.AnalysisContext.createModuleAnalysisResult(AnalysisContext.java:60)
	at com.cloudscroll.mstatic.client.plugin.java.context.AnalysisContext.lambda$executeSonarJavaSensor$0(AnalysisContext.java:47)
	at java.base/java.util.ArrayList.forEach(ArrayList.java:1511)
	at com.cloudscroll.mstatic.client.plugin.java.context.AnalysisContext.executeSonarJavaSensor(AnalysisContext.java:46)
	at com.cloudscroll.mstatic.client.plugin.java.JavaPlugin.execute(JavaPlugin.java:40)
	at com.cloudscroll.mstatic.client.AnalysisLauncher.run(AnalysisLauncher.java:65)
	at com.cloudscroll.mstatic.client.ClientMain.main(ClientMain.java:31)
	at java.base/jdk.internal.reflect.NativeMethodAccessorImpl.invoke0(Native Method)
	at java.base/jdk.internal.reflect.NativeMethodAccessorImpl.invoke(NativeMethodAccessorImpl.java:77)
	at java.base/jdk.internal.reflect.DelegatingMethodAccessorImpl.invoke(DelegatingMethodAccessorImpl.java:43)
	at java.base/java.lang.reflect.Method.invoke(Method.java:569)
	at org.springframework.boot.loader.MainMethodRunner.run(MainMethodRunner.java:48)
	at org.springframework.boot.loader.Launcher.launch(Launcher.java:87)
	at org.springframework.boot.loader.Launcher.launch(Launcher.java:51)
	at org.springframework.boot.loader.JarLauncher.main(JarLauncher.java:52)
[ERROR] [main] Unable to run check class com.cloudscroll.mstatic.client.plugin.java.analysis.metric.ModuleMetricCollector -  on file 'core/src/main/java/jenkins/model/Jenkins.java', To help improve the SonarSource Java Analyzer, please report this problem to SonarSource: see https://community.sonarsource.com/
java.lang.ClassCastException: class org.sonar.java.model.Symbols$UnknownSymbol cannot be cast to class org.sonar.plugins.java.api.semantic.Symbol$MethodSymbol (org.sonar.java.model.Symbols$UnknownSymbol and org.sonar.plugins.java.api.semantic.Symbol$MethodSymbol are in unnamed module of loader org.springframework.boot.loader.LaunchedURLClassLoader @6d5380c2)
	at com.cloudscroll.mstatic.client.plugin.java.analysis.metric.MethodInvokeVisitor.visitNode(MethodInvokeVisitor.java:29)
	at org.sonar.java.ast.visitors.SubscriptionVisitor.visit(SubscriptionVisitor.java:99)
	at org.sonar.java.ast.visitors.SubscriptionVisitor.visitChildren(SubscriptionVisitor.java:124)
	at org.sonar.java.ast.visitors.SubscriptionVisitor.visit(SubscriptionVisitor.java:101)
	at org.sonar.java.ast.visitors.SubscriptionVisitor.visitChildren(SubscriptionVisitor.java:124)
	at org.sonar.java.ast.visitors.SubscriptionVisitor.visit(SubscriptionVisitor.java:101)
	at org.sonar.java.ast.visitors.SubscriptionVisitor.visitChildren(SubscriptionVisitor.java:124)
	at org.sonar.java.ast.visitors.SubscriptionVisitor.visit(SubscriptionVisitor.java:101)
	at org.sonar.java.ast.visitors.SubscriptionVisitor.visitChildren(SubscriptionVisitor.java:124)
	at org.sonar.java.ast.visitors.SubscriptionVisitor.visit(SubscriptionVisitor.java:101)
	at org.sonar.java.ast.visitors.SubscriptionVisitor.visitChildren(SubscriptionVisitor.java:124)
	at org.sonar.java.ast.visitors.SubscriptionVisitor.visit(SubscriptionVisitor.java:101)
	at org.sonar.java.ast.visitors.SubscriptionVisitor.scanTree(SubscriptionVisitor.java:82)
	at com.cloudscroll.mstatic.client.plugin.java.analysis.metric.MethodInvokeVisitor.getCalling(MethodInvokeVisitor.java:35)
	at com.cloudscroll.mstatic.client.plugin.java.analysis.metric.FunctionVisitor.visitNode(FunctionVisitor.java:49)
	at com.cloudscroll.mstatic.client.plugin.java.analysis.metric.FileVisitor.visitNode(FileVisitor.java:116)
	at org.sonar.java.ast.visitors.SubscriptionVisitor.visit(SubscriptionVisitor.java:99)
	at org.sonar.java.ast.visitors.SubscriptionVisitor.visitChildren(SubscriptionVisitor.java:124)
	at org.sonar.java.ast.visitors.SubscriptionVisitor.visit(SubscriptionVisitor.java:101)
	at org.sonar.java.ast.visitors.SubscriptionVisitor.visitChildren(SubscriptionVisitor.java:124)
	at org.sonar.java.ast.visitors.SubscriptionVisitor.visit(SubscriptionVisitor.java:101)
	at org.sonar.java.ast.visitors.SubscriptionVisitor.scanTree(SubscriptionVisitor.java:82)
	at com.cloudscroll.mstatic.client.plugin.java.analysis.metric.FileVisitor.scanFile(FileVisitor.java:69)
	at com.cloudscroll.mstatic.client.plugin.java.analysis.metric.ModuleMetricCollector.scanFile(ModuleMetricCollector.java:41)
	at org.sonar.java.model.VisitorsBridge.lambda$runScanner$1(VisitorsBridge.java:269)
	at org.sonar.java.model.VisitorsBridge.runScanner(VisitorsBridge.java:274)
	at org.sonar.java.model.VisitorsBridge.runScanner(VisitorsBridge.java:269)
	at org.sonar.java.model.VisitorsBridge.visitFile(VisitorsBridge.java:252)
	at org.sonar.java.ast.JavaAstScanner.simpleScan(JavaAstScanner.java:158)
	at org.sonar.java.JavaFrontend.scanAsBatchCallback(JavaFrontend.java:135)
	at org.sonar.java.JavaFrontend.lambda$scanBatch$1(JavaFrontend.java:267)
	at org.sonar.java.model.JParserConfig$Batch$1.acceptAST(JParserConfig.java:191)
	at org.eclipse.jdt.core.dom.CompilationUnitResolver.resolve(CompilationUnitResolver.java:1143)
	at org.eclipse.jdt.core.dom.CompilationUnitResolver.resolve(CompilationUnitResolver.java:739)
	at org.eclipse.jdt.core.dom.ASTParser.createASTs(ASTParser.java:1049)
	at org.sonar.java.model.JParserConfig$Batch.parse(JParserConfig.java:175)
	at org.sonar.java.JavaFrontend.scanBatch(JavaFrontend.java:266)
	at org.sonar.java.JavaFrontend.scanInBatches(JavaFrontend.java:255)
	at org.sonar.java.JavaFrontend.scanAsBatch(JavaFrontend.java:222)
	at org.sonar.java.JavaFrontend.scan(JavaFrontend.java:197)
	at com.cloudscroll.mstatic.client.plugin.java.analysis.sonar.StaticJavaSensor.analyze(StaticJavaSensor.java:87)
	at com.cloudscroll.mstatic.client.plugin.java.context.AnalysisContext.createModuleAnalysisResult(AnalysisContext.java:60)
	at com.cloudscroll.mstatic.client.plugin.java.context.AnalysisContext.lambda$executeSonarJavaSensor$0(AnalysisContext.java:47)
	at java.base/java.util.ArrayList.forEach(ArrayList.java:1511)
	at com.cloudscroll.mstatic.client.plugin.java.context.AnalysisContext.executeSonarJavaSensor(AnalysisContext.java:46)
	at com.cloudscroll.mstatic.client.plugin.java.JavaPlugin.execute(JavaPlugin.java:40)
	at com.cloudscroll.mstatic.client.AnalysisLauncher.run(AnalysisLauncher.java:65)
	at com.cloudscroll.mstatic.client.ClientMain.main(ClientMain.java:31)
	at java.base/jdk.internal.reflect.NativeMethodAccessorImpl.invoke0(Native Method)
	at java.base/jdk.internal.reflect.NativeMethodAccessorImpl.invoke(NativeMethodAccessorImpl.java:77)
	at java.base/jdk.internal.reflect.DelegatingMethodAccessorImpl.invoke(DelegatingMethodAccessorImpl.java:43)
	at java.base/java.lang.reflect.Method.invoke(Method.java:569)
	at org.springframework.boot.loader.MainMethodRunner.run(MainMethodRunner.java:48)
	at org.springframework.boot.loader.Launcher.launch(Launcher.java:87)
	at org.springframework.boot.loader.Launcher.launch(Launcher.java:51)
	at org.springframework.boot.loader.JarLauncher.main(JarLauncher.java:52)
[ERROR] [main] Unable to parse source file : 'core/src/main/java/hudson/FilePath.java'
[ERROR] [main] Parse error at line 915 column 13: Variable resource not allowed here for source level below 9
[ERROR] [main] Unable to parse source file : 'core/src/main/java/hudson/TcpSlaveAgentListener.java'
[ERROR] [main] Parse error at line 308 column 17: Variable resource not allowed here for source level below 9
[ERROR] [main] Unable to run check class com.cloudscroll.mstatic.client.plugin.java.analysis.metric.ModuleMetricCollector -  on file 'core/src/main/java/hudson/PluginManager.java', To help improve the SonarSource Java Analyzer, please report this problem to SonarSource: see https://community.sonarsource.com/
java.lang.ClassCastException: null
[INFO ] [main] 100% analyzed
[INFO ] [main] Batch processing: Done.
[INFO ] [main] Did not optimize analysis for any files, performed a full analysis for all 1170 files.
[WARN ] [main] Unresolved imports/types have been detected during analysis. Enable DEBUG mode to see them.
[WARN ] [main] Use of preview features have been detected during analysis. Enable DEBUG mode to see them.
[INFO ] [main] No "Test" source files to scan.
[INFO ] [main] Server-side caching is not enabled. The Java analyzer will not try to leverage data from a previous analysis.
[INFO ] [main] Using ECJ batch to parse 1 Main java source files with batch size 53 KB.
[INFO ] [main] Starting batch processing.
[INFO ] [main] The Java analyzer cannot skip unchanged files in this context. A full analysis is performed for all files.
[INFO ] [main] 100% analyzed
[INFO ] [main] Batch processing: Done.
[INFO ] [main] Did not optimize analysis for any files, performed a full analysis for all 1 files.
[INFO ] [main] No "Test" source files to scan.
[INFO ] [main] Server-side caching is not enabled. The Java analyzer will not try to leverage data from a previous analysis.
[INFO ] [main] No "Main" source files to scan.
[INFO ] [main] No "Test" source files to scan.
[INFO ] [main] Server-side caching is not enabled. The Java analyzer will not try to leverage data from a previous analysis.
[INFO ] [main] Using ECJ batch to parse 11 Main java source files with batch size 53 KB.
[INFO ] [main] Starting batch processing.
[INFO ] [main] The Java analyzer cannot skip unchanged files in this context. A full analysis is performed for all files.
[INFO ] [main] 100% analyzed
[INFO ] [main] Batch processing: Done.
[INFO ] [main] Did not optimize analysis for any files, performed a full analysis for all 11 files.
[WARN ] [main] Unresolved imports/types have been detected during analysis. Enable DEBUG mode to see them.
[INFO ] [main] No "Test" source files to scan.
[ERROR] [main] Unexpected exception
java.lang.ClassCastException: class org.sonar.api.batch.sensor.error.internal.DefaultAnalysisError cannot be cast to class com.cloudscroll.mstatic.client.plugin.java.context.project.SourceFile (org.sonar.api.batch.sensor.error.internal.DefaultAnalysisError and com.cloudscroll.mstatic.client.plugin.java.context.project.SourceFile are in unnamed module of loader org.springframework.boot.loader.LaunchedURLClassLoader @6d5380c2)
	at com.cloudscroll.mstatic.client.plugin.java.result.ProjectAnalysisManager.lambda$toAnalysisErrors$6(ProjectAnalysisManager.java:74)
	at java.base/java.util.stream.ReferencePipeline$3$1.accept(ReferencePipeline.java:197)
	at java.base/java.util.ArrayList$ArrayListSpliterator.forEachRemaining(ArrayList.java:1625)
	at java.base/java.util.stream.ReferencePipeline$Head.forEach(ReferencePipeline.java:762)
	at java.base/java.util.stream.ReferencePipeline$7$1.accept(ReferencePipeline.java:276)
	at java.base/java.util.stream.ReferencePipeline$3$1.accept(ReferencePipeline.java:197)
	at java.base/java.util.ArrayList$ArrayListSpliterator.forEachRemaining(ArrayList.java:1625)
	at java.base/java.util.stream.AbstractPipeline.copyInto(AbstractPipeline.java:509)
	at java.base/java.util.stream.AbstractPipeline.wrapAndCopyInto(AbstractPipeline.java:499)
	at java.base/java.util.stream.ReduceOps$ReduceOp.evaluateSequential(ReduceOps.java:921)
	at java.base/java.util.stream.AbstractPipeline.evaluate(AbstractPipeline.java:234)
	at java.base/java.util.stream.ReferencePipeline.collect(ReferencePipeline.java:682)
	at com.cloudscroll.mstatic.client.plugin.java.result.ProjectAnalysisManager.toAnalysisErrors(ProjectAnalysisManager.java:75)
	at com.cloudscroll.mstatic.client.plugin.java.analysis.metric.ProjectMetricCalculator.calculateProjectMetric(ProjectMetricCalculator.java:17)
	at com.cloudscroll.mstatic.client.plugin.java.analysis.metric.ProjectMetricConvert.toProjectResult(ProjectMetricConvert.java:16)
	at com.cloudscroll.mstatic.client.plugin.java.result.ProjectAnalysisResult.collectResultSet(ProjectAnalysisResult.java:37)
	at com.cloudscroll.mstatic.client.plugin.java.JavaPlugin.execute(JavaPlugin.java:42)
	at com.cloudscroll.mstatic.client.AnalysisLauncher.run(AnalysisLauncher.java:65)
	at com.cloudscroll.mstatic.client.ClientMain.main(ClientMain.java:31)
	at java.base/jdk.internal.reflect.NativeMethodAccessorImpl.invoke0(Native Method)
	at java.base/jdk.internal.reflect.NativeMethodAccessorImpl.invoke(NativeMethodAccessorImpl.java:77)
	at java.base/jdk.internal.reflect.DelegatingMethodAccessorImpl.invoke(DelegatingMethodAccessorImpl.java:43)
	at java.base/java.lang.reflect.Method.invoke(Method.java:569)
	at org.springframework.boot.loader.MainMethodRunner.run(MainMethodRunner.java:48)
	at org.springframework.boot.loader.Launcher.launch(Launcher.java:87)
	at org.springframework.boot.loader.Launcher.launch(Launcher.java:51)
	at org.springframework.boot.loader.JarLauncher.main(JarLauncher.java:52)
[ERROR] [main] class org.sonar.api.batch.sensor.error.internal.DefaultAnalysisError cannot be cast to class com.cloudscroll.mstatic.client.plugin.java.context.project.SourceFile (org.sonar.api.batch.sensor.error.internal.DefaultAnalysisError and com.cloudscroll.mstatic.client.plugin.java.context.project.SourceFile are in unnamed module of loader org.springframework.boot.loader.LaunchedURLClassLoader @6d5380c2)
